<?xml version="1.0" encoding="UTF-8"?>
<!-- Generated by org.testng.reporters.JUnitReportReporter -->
<testsuite skipped="0" hostname="ATMECSINDT-080" name="com.org.task2.testscripts.HomePage" tests="1" failures="0" timestamp="14 Nov 2019 11:06:38 GMT" time="19.244" errors="0">
  <testcase name="login" time="19.244" classname="com.org.task2.testscripts.HomePage"/>
</testsuite> <!-- com.org.task2.testscripts.HomePage -->
