<?xml version="1.0" encoding="UTF-8"?>
<!-- Generated by org.testng.reporters.JUnitReportReporter -->
<testsuite skipped="0" hostname="ATMECSINDT-080" name="com.org.ninja.testscripts.MerchandisePage" tests="3" failures="0" timestamp="11 Nov 2019 11:23:02 GMT" time="21.980" errors="0">
  <testcase name="setup" time="3.157" classname="com.org.ninja.testscripts.MerchandisePage"/>
  <testcase name="login" time="13.073" classname="com.org.ninja.testscripts.MerchandisePage"/>
  <testcase name="merchandiseOrderPage" time="5.750" classname="com.org.ninja.testscripts.MerchandisePage"/>
</testsuite> <!-- com.org.ninja.testscripts.MerchandisePage -->
