<?xml version="1.0" encoding="UTF-8"?>
<!-- Generated by org.testng.reporters.JUnitReportReporter -->
<testsuite skipped="0" hostname="ATMECSINDT-080" name="com.org.task2.testbase.InvokeBrowser" tests="1" failures="0" timestamp="14 Nov 2019 10:17:27 GMT" time="13.107" errors="0">
  <testcase name="setup" time="13.107" classname="com.org.task2.testbase.InvokeBrowser"/>
</testsuite> <!-- com.org.task2.testbase.InvokeBrowser -->
