<?xml version="1.0" encoding="UTF-8"?>
<!-- Generated by org.testng.reporters.JUnitReportReporter -->
<testsuite skipped="0" hostname="ATMECSINDT-080" name="com.org.task2.testscripts.MerchandisePage" tests="2" failures="0" timestamp="14 Nov 2019 11:41:04 GMT" time="38.763" errors="0">
  <testcase name="login" time="32.955" classname="com.org.task2.testscripts.MerchandisePage"/>
  <testcase name="merchandiseOrderPage" time="5.808" classname="com.org.task2.testscripts.MerchandisePage"/>
</testsuite> <!-- com.org.task2.testscripts.MerchandisePage -->
