<?xml version="1.0" encoding="UTF-8"?>
<!-- Generated by org.testng.reporters.JUnitReportReporter -->
<testsuite skipped="0" hostname="ATMECSINDT-080" name="com.org.ninja.testscripts.BuyProduct" tests="5" failures="0" timestamp="12 Nov 2019 09:14:08 GMT" time="31.092" errors="0">
  <testcase name="setup" time="3.919" classname="com.org.ninja.testscripts.BuyProduct"/>
  <testcase name="login" time="16.811" classname="com.org.ninja.testscripts.BuyProduct"/>
  <testcase name="merchandiseOrderPage" time="6.138" classname="com.org.ninja.testscripts.BuyProduct"/>
  <testcase name="clickCartAndViewDetails" time="2.834" classname="com.org.ninja.testscripts.BuyProduct"/>
  <testcase name="clickProduct" time="1.390" classname="com.org.ninja.testscripts.BuyProduct"/>
</testsuite> <!-- com.org.ninja.testscripts.BuyProduct -->
