<?xml version="1.0" encoding="UTF-8"?>
<!-- Generated by org.testng.reporters.JUnitReportReporter -->
<testsuite skipped="0" hostname="ATMECSINDT-080" name="com.org.task2.task2.testscripts.BuyProduct" tests="5" failures="0" timestamp="13 Nov 2019 13:01:52 GMT" time="27.443" errors="0">
  <testcase name="setup" time="4.216" classname="com.org.task2.task2.testscripts.BuyProduct"/>
  <testcase name="login" time="14.239" classname="com.org.task2.task2.testscripts.BuyProduct"/>
  <testcase name="merchandiseOrderPage" time="6.096" classname="com.org.task2.task2.testscripts.BuyProduct"/>
  <testcase name="clickCartAndViewDetails" time="1.476" classname="com.org.task2.task2.testscripts.BuyProduct"/>
  <testcase name="clickProduct" time="1.416" classname="com.org.task2.task2.testscripts.BuyProduct"/>
</testsuite> <!-- com.org.task2.task2.testscripts.BuyProduct -->
