<?xml version="1.0" encoding="UTF-8"?>
<!-- Generated by org.testng.reporters.JUnitReportReporter -->
<testsuite skipped="0" hostname="ATMECSINDT-080" name="com.org.task2.testscripts.BuyProduct" tests="4" failures="0" timestamp="14 Nov 2019 13:04:02 GMT" time="13.387" errors="0">
  <testcase name="login" time="9.068" classname="com.org.task2.testscripts.BuyProduct"/>
  <testcase name="merchandiseOrderPage" time="3.472" classname="com.org.task2.testscripts.BuyProduct"/>
  <testcase name="clickCartAndViewDetails" time="0.514" classname="com.org.task2.testscripts.BuyProduct"/>
  <testcase name="clickProduct" time="0.333" classname="com.org.task2.testscripts.BuyProduct"/>
</testsuite> <!-- com.org.task2.testscripts.BuyProduct -->
