<?xml version="1.0" encoding="UTF-8"?>
<!-- Generated by org.testng.reporters.JUnitReportReporter -->
<testsuite skipped="0" hostname="ATMECSINDT-080" name="com.org.task2.ninja.testbase.InvokeBrowser" tests="1" failures="0" timestamp="08 Nov 2019 11:28:42 GMT" time="14.083" errors="0">
  <testcase name="setup" time="14.083" classname="com.org.task2.ninja.testbase.InvokeBrowser"/>
</testsuite> <!-- com.org.task2.ninja.testbase.InvokeBrowser -->
