<?xml version="1.0" encoding="UTF-8"?>
<!-- Generated by org.testng.reporters.JUnitReportReporter -->
<testsuite skipped="0" hostname="ATMECSINDT-080" name="com.org.task2.ninja.testscripts.HomePage" tests="2" failures="0" timestamp="08 Nov 2019 12:14:14 GMT" time="22.971" errors="0">
  <testcase name="setup" time="12.665" classname="com.org.task2.ninja.testscripts.HomePage"/>
  <testcase name="login" time="10.306" classname="com.org.task2.ninja.testscripts.HomePage"/>
</testsuite> <!-- com.org.task2.ninja.testscripts.HomePage -->
